[debug] [2022-10-15T03:39:43.385Z] ----------------------------------------------------------------------
[debug] [2022-10-15T03:39:43.387Z] Command:       /usr/local/bin/firebase /Users/arjunsundaram/.cache/firebase/tools/lib/node_modules/firebase-tools/lib/bin/firebase init
[debug] [2022-10-15T03:39:43.387Z] CLI Version:   11.14.4
[debug] [2022-10-15T03:39:43.387Z] Platform:      darwin
[debug] [2022-10-15T03:39:43.387Z] Node Version:  v16.16.0
[debug] [2022-10-15T03:39:43.388Z] Time:          Fri Oct 14 2022 23:39:43 GMT-0400 (Eastern Daylight Time)
[debug] [2022-10-15T03:39:43.388Z] ----------------------------------------------------------------------
[debug] 
[debug] [2022-10-15T03:39:43.391Z] >>> [apiv2][query] GET https://firebase-public.firebaseio.com/cli.json [none]
[debug] [2022-10-15T03:39:43.411Z] > command requires scopes: ["email","openid","https://www.googleapis.com/auth/cloudplatformprojects.readonly","https://www.googleapis.com/auth/firebase","https://www.googleapis.com/auth/cloud-platform"]
[debug] [2022-10-15T03:39:43.412Z] > authorizing via signed-in user (arjun.sundaram99@gmail.com)
[info] 
     ######## #### ########  ######## ########     ###     ######  ########
     ##        ##  ##     ## ##       ##     ##  ##   ##  ##       ##
     ######    ##  ########  ######   ########  #########  ######  ######
     ##        ##  ##    ##  ##       ##     ## ##     ##       ## ##
     ##       #### ##     ## ######## ########  ##     ##  ######  ########

You're about to initialize a Firebase project in this directory:

  /Users/arjunsundaram/hackharvard-2022

[debug] [2022-10-15T03:39:43.545Z] <<< [apiv2][status] GET https://firebase-public.firebaseio.com/cli.json 200
[debug] [2022-10-15T03:39:43.545Z] <<< [apiv2][body] GET https://firebase-public.firebaseio.com/cli.json {"cloudBuildErrorAfter":1594252800000,"cloudBuildWarnAfter":1590019200000,"defaultNode10After":1594252800000,"minVersion":"3.0.5","node8DeploysDisabledAfter":1613390400000,"node8RuntimeDisabledAfter":1615809600000,"node8WarnAfter":1600128000000}
